127.0.0.1 - - [03/Feb/2021:15:08:57 +0800] "GET /test HTTP/1.1" 200 2 "-" "Mozilla/5.0 (compatible; Baiduspider/2.0; +http://www.baidu.com/search/spider.html)"
127.0.0.1 - - [03/Feb/2021:15:09:27 +0800] "GET /param HTTP/1.1" 405 4999 "-" "Mozilla/5.0 (compatible; Baiduspider/2.0; +http://www.baidu.com/search/spider.html)"
127.0.0.1 - - [03/Feb/2021:15:09:34 +0800] "POST /param HTTP/1.1" 200 2 "-" "Mozilla/5.0 (compatible; Baiduspider/2.0; +http://www.baidu.com/search/spider.html)"
127.0.0.1 - - [03/Feb/2021:15:10:28 +0800] "POST /param?id=1 HTTP/1.1" 200 2 "-" "Mozilla/5.0 (compatible; Baiduspider/2.0; +http://www.baidu.com/search/spider.html)"
127.0.0.1 - - [03/Feb/2021:15:10:45 +0800] "POST /param?id=1&name=aaa HTTP/1.1" 200 2 "-" "Mozilla/5.0 (compatible; Baiduspider/2.0; +http://www.baidu.com/search/spider.html)"
127.0.0.1 - - [03/Feb/2021:15:11:33 +0800] "POST /param HTTP/1.1" 200 2 "-" "Mozilla/5.0 (compatible; Baiduspider/2.0; +http://www.baidu.com/search/spider.html)"
127.0.0.1 - - [03/Feb/2021:15:11:43 +0800] "POST /param HTTP/1.1" 200 2 "-" "Mozilla/5.0 (compatible; Baiduspider/2.0; +http://www.baidu.com/search/spider.html)"
127.0.0.1 - - [03/Feb/2021:15:12:00 +0800] "POST /param HTTP/1.1" 200 2 "-" "Mozilla/5.0 (compatible; Baiduspider/2.0; +http://www.baidu.com/search/spider.html)"
127.0.0.1 - - [03/Feb/2021:15:12:26 +0800] "POST /param HTTP/1.1" 200 2 "-" "Mozilla/5.0 (compatible; Baiduspider/2.0; +http://www.baidu.com/search/spider.html)"
127.0.0.1 - - [03/Feb/2021:15:13:04 +0800] "POST /param HTTP/1.1" 400 5394 "-" "Mozilla/5.0 (compatible; Baiduspider/2.0; +http://www.baidu.com/search/spider.html)"
127.0.0.1 - - [03/Feb/2021:15:13:20 +0800] "POST /param HTTP/1.1" 200 2 "-" "Mozilla/5.0 (compatible; Baiduspider/2.0; +http://www.baidu.com/search/spider.html)"
0:0:0:0:0:0:0:1 - - [03/Feb/2021:15:15:59 +0800] "GET /swagger-ui.html HTTP/1.1" 200 3246 "-" "Mozilla/5.0 (Windows NT 10.0; Win64; x64) AppleWebKit/537.36 (KHTML, like Gecko) Chrome/84.0.4147.105 Safari/537.36"
0:0:0:0:0:0:0:1 - - [03/Feb/2021:15:16:00 +0800] "GET /webjars/springfox-swagger-ui/lib/object-assign-pollyfill.js HTTP/1.1" 200 349 "http://localhost:8080/swagger-ui.html" "Mozilla/5.0 (Windows NT 10.0; Win64; x64) AppleWebKit/537.36 (KHTML, like Gecko) Chrome/84.0.4147.105 Safari/537.36"
0:0:0:0:0:0:0:1 - - [03/Feb/2021:15:16:00 +0800] "GET /webjars/springfox-swagger-ui/lib/jquery.wiggle.min.js HTTP/1.1" 200 536 "http://localhost:8080/swagger-ui.html" "Mozilla/5.0 (Windows NT 10.0; Win64; x64) AppleWebKit/537.36 (KHTML, like Gecko) Chrome/84.0.4147.105 Safari/537.36"
0:0:0:0:0:0:0:1 - - [03/Feb/2021:15:16:00 +0800] "GET /webjars/springfox-swagger-ui/css/reset.css HTTP/1.1" 200 773 "http://localhost:8080/swagger-ui.html" "Mozilla/5.0 (Windows NT 10.0; Win64; x64) AppleWebKit/537.36 (KHTML, like Gecko) Chrome/84.0.4147.105 Safari/537.36"
0:0:0:0:0:0:0:1 - - [03/Feb/2021:15:16:00 +0800] "GET /webjars/springfox-swagger-ui/lib/jquery-1.8.0.min.js HTTP/1.1" 200 92032 "http://localhost:8080/swagger-ui.html" "Mozilla/5.0 (Windows NT 10.0; Win64; x64) AppleWebKit/537.36 (KHTML, like Gecko) Chrome/84.0.4147.105 Safari/537.36"
0:0:0:0:0:0:0:1 - - [03/Feb/2021:15:16:00 +0800] "GET /webjars/springfox-swagger-ui/lib/jquery.slideto.min.js HTTP/1.1" 200 365 "http://localhost:8080/swagger-ui.html" "Mozilla/5.0 (Windows NT 10.0; Win64; x64) AppleWebKit/537.36 (KHTML, like Gecko) Chrome/84.0.4147.105 Safari/537.36"
0:0:0:0:0:0:0:1 - - [03/Feb/2021:15:16:00 +0800] "GET /webjars/springfox-swagger-ui/css/screen.css HTTP/1.1" 200 43644 "http://localhost:8080/swagger-ui.html" "Mozilla/5.0 (Windows NT 10.0; Win64; x64) AppleWebKit/537.36 (KHTML, like Gecko) Chrome/84.0.4147.105 Safari/537.36"
0:0:0:0:0:0:0:1 - - [03/Feb/2021:15:16:00 +0800] "GET /webjars/springfox-swagger-ui/lib/lodash.min.js HTTP/1.1" 200 51894 "http://localhost:8080/swagger-ui.html" "Mozilla/5.0 (Windows NT 10.0; Win64; x64) AppleWebKit/537.36 (KHTML, like Gecko) Chrome/84.0.4147.105 Safari/537.36"
0:0:0:0:0:0:0:1 - - [03/Feb/2021:15:16:00 +0800] "GET /webjars/springfox-swagger-ui/lib/backbone-min.js HTTP/1.1" 200 19371 "http://localhost:8080/swagger-ui.html" "Mozilla/5.0 (Windows NT 10.0; Win64; x64) AppleWebKit/537.36 (KHTML, like Gecko) Chrome/84.0.4147.105 Safari/537.36"
0:0:0:0:0:0:0:1 - - [03/Feb/2021:15:16:00 +0800] "GET /webjars/springfox-swagger-ui/lib/handlebars-4.0.5.js HTTP/1.1" 200 71504 "http://localhost:8080/swagger-ui.html" "Mozilla/5.0 (Windows NT 10.0; Win64; x64) AppleWebKit/537.36 (KHTML, like Gecko) Chrome/84.0.4147.105 Safari/537.36"
0:0:0:0:0:0:0:1 - - [03/Feb/2021:15:16:00 +0800] "GET /webjars/springfox-swagger-ui/lib/jquery.ba-bbq.min.js HTTP/1.1" 200 3518 "http://localhost:8080/swagger-ui.html" "Mozilla/5.0 (Windows NT 10.0; Win64; x64) AppleWebKit/537.36 (KHTML, like Gecko) Chrome/84.0.4147.105 Safari/537.36"
0:0:0:0:0:0:0:1 - - [03/Feb/2021:15:16:00 +0800] "GET /webjars/springfox-swagger-ui/lib/jsoneditor.min.js HTTP/1.1" 200 129835 "http://localhost:8080/swagger-ui.html" "Mozilla/5.0 (Windows NT 10.0; Win64; x64) AppleWebKit/537.36 (KHTML, like Gecko) Chrome/84.0.4147.105 Safari/537.36"
0:0:0:0:0:0:0:1 - - [03/Feb/2021:15:16:00 +0800] "GET /webjars/springfox-swagger-ui/lib/swagger-oauth.js HTTP/1.1" 200 7042 "http://localhost:8080/swagger-ui.html" "Mozilla/5.0 (Windows NT 10.0; Win64; x64) AppleWebKit/537.36 (KHTML, like Gecko) Chrome/84.0.4147.105 Safari/537.36"
0:0:0:0:0:0:0:1 - - [03/Feb/2021:15:16:00 +0800] "GET /webjars/springfox-swagger-ui/lib/highlight.9.1.0.pack.js HTTP/1.1" 200 10962 "http://localhost:8080/swagger-ui.html" "Mozilla/5.0 (Windows NT 10.0; Win64; x64) AppleWebKit/537.36 (KHTML, like Gecko) Chrome/84.0.4147.105 Safari/537.36"
0:0:0:0:0:0:0:1 - - [03/Feb/2021:15:16:00 +0800] "GET /webjars/springfox-swagger-ui/lib/highlight.9.1.0.pack_extended.js HTTP/1.1" 200 310 "http://localhost:8080/swagger-ui.html" "Mozilla/5.0 (Windows NT 10.0; Win64; x64) AppleWebKit/537.36 (KHTML, like Gecko) Chrome/84.0.4147.105 Safari/537.36"
0:0:0:0:0:0:0:1 - - [03/Feb/2021:15:16:00 +0800] "GET /webjars/springfox-swagger-ui/lib/marked.js HTTP/1.1" 200 15724 "http://localhost:8080/swagger-ui.html" "Mozilla/5.0 (Windows NT 10.0; Win64; x64) AppleWebKit/537.36 (KHTML, like Gecko) Chrome/84.0.4147.105 Safari/537.36"
0:0:0:0:0:0:0:1 - - [03/Feb/2021:15:16:00 +0800] "GET /webjars/springfox-swagger-ui/swagger-ui.min.js HTTP/1.1" 200 453076 "http://localhost:8080/swagger-ui.html" "Mozilla/5.0 (Windows NT 10.0; Win64; x64) AppleWebKit/537.36 (KHTML, like Gecko) Chrome/84.0.4147.105 Safari/537.36"
0:0:0:0:0:0:0:1 - - [03/Feb/2021:15:16:00 +0800] "GET /webjars/springfox-swagger-ui/springfox.js HTTP/1.1" 200 4475 "http://localhost:8080/swagger-ui.html" "Mozilla/5.0 (Windows NT 10.0; Win64; x64) AppleWebKit/537.36 (KHTML, like Gecko) Chrome/84.0.4147.105 Safari/537.36"
0:0:0:0:0:0:0:1 - - [03/Feb/2021:15:16:00 +0800] "GET /webjars/springfox-swagger-ui/images/logo_small.png HTTP/1.1" 200 455 "http://localhost:8080/swagger-ui.html" "Mozilla/5.0 (Windows NT 10.0; Win64; x64) AppleWebKit/537.36 (KHTML, like Gecko) Chrome/84.0.4147.105 Safari/537.36"
0:0:0:0:0:0:0:1 - - [03/Feb/2021:15:16:00 +0800] "GET /webjars/springfox-swagger-ui/css/typography.css HTTP/1.1" 404 170 "http://localhost:8080/swagger-ui.html" "Mozilla/5.0 (Windows NT 10.0; Win64; x64) AppleWebKit/537.36 (KHTML, like Gecko) Chrome/84.0.4147.105 Safari/537.36"
0:0:0:0:0:0:0:1 - - [03/Feb/2021:15:16:00 +0800] "GET /webjars/springfox-swagger-ui/css/print.css HTTP/1.1" 200 41666 "http://localhost:8080/swagger-ui.html" "Mozilla/5.0 (Windows NT 10.0; Win64; x64) AppleWebKit/537.36 (KHTML, like Gecko) Chrome/84.0.4147.105 Safari/537.36"
0:0:0:0:0:0:0:1 - - [03/Feb/2021:15:16:01 +0800] "GET /swagger-resources/configuration/ui HTTP/1.1" 404 157 "http://localhost:8080/swagger-ui.html" "Mozilla/5.0 (Windows NT 10.0; Win64; x64) AppleWebKit/537.36 (KHTML, like Gecko) Chrome/84.0.4147.105 Safari/537.36"
0:0:0:0:0:0:0:1 - - [03/Feb/2021:15:16:43 +0800] "GET /swagger-ui.html HTTP/1.1" 200 3246 "-" "Mozilla/5.0 (Windows NT 10.0; Win64; x64) AppleWebKit/537.36 (KHTML, like Gecko) Chrome/84.0.4147.105 Safari/537.36"
0:0:0:0:0:0:0:1 - - [03/Feb/2021:15:16:43 +0800] "GET /null/swagger-resources/configuration/ui HTTP/1.1" 404 162 "http://localhost:8080/swagger-ui.html" "Mozilla/5.0 (Windows NT 10.0; Win64; x64) AppleWebKit/537.36 (KHTML, like Gecko) Chrome/84.0.4147.105 Safari/537.36"
0:0:0:0:0:0:0:1 - - [03/Feb/2021:15:16:43 +0800] "GET /webjars/springfox-swagger-ui/css/reset.css HTTP/1.1" 200 773 "http://localhost:8080/swagger-ui.html" "Mozilla/5.0 (Windows NT 10.0; Win64; x64) AppleWebKit/537.36 (KHTML, like Gecko) Chrome/84.0.4147.105 Safari/537.36"
0:0:0:0:0:0:0:1 - - [03/Feb/2021:15:16:43 +0800] "GET /webjars/springfox-swagger-ui/css/typography.css HTTP/1.1" 404 170 "http://localhost:8080/swagger-ui.html" "Mozilla/5.0 (Windows NT 10.0; Win64; x64) AppleWebKit/537.36 (KHTML, like Gecko) Chrome/84.0.4147.105 Safari/537.36"
0:0:0:0:0:0:0:1 - - [03/Feb/2021:15:16:43 +0800] "GET /webjars/springfox-swagger-ui/lib/object-assign-pollyfill.js HTTP/1.1" 200 349 "http://localhost:8080/swagger-ui.html" "Mozilla/5.0 (Windows NT 10.0; Win64; x64) AppleWebKit/537.36 (KHTML, like Gecko) Chrome/84.0.4147.105 Safari/537.36"
0:0:0:0:0:0:0:1 - - [03/Feb/2021:15:16:43 +0800] "GET /webjars/springfox-swagger-ui/css/screen.css HTTP/1.1" 200 43644 "http://localhost:8080/swagger-ui.html" "Mozilla/5.0 (Windows NT 10.0; Win64; x64) AppleWebKit/537.36 (KHTML, like Gecko) Chrome/84.0.4147.105 Safari/537.36"
0:0:0:0:0:0:0:1 - - [03/Feb/2021:15:16:43 +0800] "GET /webjars/springfox-swagger-ui/lib/jquery-1.8.0.min.js HTTP/1.1" 200 92032 "http://localhost:8080/swagger-ui.html" "Mozilla/5.0 (Windows NT 10.0; Win64; x64) AppleWebKit/537.36 (KHTML, like Gecko) Chrome/84.0.4147.105 Safari/537.36"
0:0:0:0:0:0:0:1 - - [03/Feb/2021:15:16:43 +0800] "GET /webjars/springfox-swagger-ui/lib/jquery.slideto.min.js HTTP/1.1" 200 365 "http://localhost:8080/swagger-ui.html" "Mozilla/5.0 (Windows NT 10.0; Win64; x64) AppleWebKit/537.36 (KHTML, like Gecko) Chrome/84.0.4147.105 Safari/537.36"
0:0:0:0:0:0:0:1 - - [03/Feb/2021:15:16:43 +0800] "GET /webjars/springfox-swagger-ui/lib/jquery.wiggle.min.js HTTP/1.1" 200 536 "http://localhost:8080/swagger-ui.html" "Mozilla/5.0 (Windows NT 10.0; Win64; x64) AppleWebKit/537.36 (KHTML, like Gecko) Chrome/84.0.4147.105 Safari/537.36"
0:0:0:0:0:0:0:1 - - [03/Feb/2021:15:16:43 +0800] "GET /webjars/springfox-swagger-ui/lib/jquery.ba-bbq.min.js HTTP/1.1" 200 3518 "http://localhost:8080/swagger-ui.html" "Mozilla/5.0 (Windows NT 10.0; Win64; x64) AppleWebKit/537.36 (KHTML, like Gecko) Chrome/84.0.4147.105 Safari/537.36"
0:0:0:0:0:0:0:1 - - [03/Feb/2021:15:16:43 +0800] "GET /webjars/springfox-swagger-ui/lib/highlight.9.1.0.pack_extended.js HTTP/1.1" 200 310 "http://localhost:8080/swagger-ui.html" "Mozilla/5.0 (Windows NT 10.0; Win64; x64) AppleWebKit/537.36 (KHTML, like Gecko) Chrome/84.0.4147.105 Safari/537.36"
0:0:0:0:0:0:0:1 - - [03/Feb/2021:15:16:43 +0800] "GET /webjars/springfox-swagger-ui/lib/jsoneditor.min.js HTTP/1.1" 200 129835 "http://localhost:8080/swagger-ui.html" "Mozilla/5.0 (Windows NT 10.0; Win64; x64) AppleWebKit/537.36 (KHTML, like Gecko) Chrome/84.0.4147.105 Safari/537.36"
0:0:0:0:0:0:0:1 - - [03/Feb/2021:15:16:43 +0800] "GET /webjars/springfox-swagger-ui/lib/backbone-min.js HTTP/1.1" 200 19371 "http://localhost:8080/swagger-ui.html" "Mozilla/5.0 (Windows NT 10.0; Win64; x64) AppleWebKit/537.36 (KHTML, like Gecko) Chrome/84.0.4147.105 Safari/537.36"
0:0:0:0:0:0:0:1 - - [03/Feb/2021:15:16:43 +0800] "GET /webjars/springfox-swagger-ui/lib/highlight.9.1.0.pack.js HTTP/1.1" 200 10962 "http://localhost:8080/swagger-ui.html" "Mozilla/5.0 (Windows NT 10.0; Win64; x64) AppleWebKit/537.36 (KHTML, like Gecko) Chrome/84.0.4147.105 Safari/537.36"
0:0:0:0:0:0:0:1 - - [03/Feb/2021:15:16:43 +0800] "GET /webjars/springfox-swagger-ui/lib/handlebars-4.0.5.js HTTP/1.1" 200 71504 "http://localhost:8080/swagger-ui.html" "Mozilla/5.0 (Windows NT 10.0; Win64; x64) AppleWebKit/537.36 (KHTML, like Gecko) Chrome/84.0.4147.105 Safari/537.36"
0:0:0:0:0:0:0:1 - - [03/Feb/2021:15:16:43 +0800] "GET /webjars/springfox-swagger-ui/lib/lodash.min.js HTTP/1.1" 200 51894 "http://localhost:8080/swagger-ui.html" "Mozilla/5.0 (Windows NT 10.0; Win64; x64) AppleWebKit/537.36 (KHTML, like Gecko) Chrome/84.0.4147.105 Safari/537.36"
0:0:0:0:0:0:0:1 - - [03/Feb/2021:15:16:43 +0800] "GET /webjars/springfox-swagger-ui/lib/marked.js HTTP/1.1" 200 15724 "http://localhost:8080/swagger-ui.html" "Mozilla/5.0 (Windows NT 10.0; Win64; x64) AppleWebKit/537.36 (KHTML, like Gecko) Chrome/84.0.4147.105 Safari/537.36"
0:0:0:0:0:0:0:1 - - [03/Feb/2021:15:16:43 +0800] "GET /webjars/springfox-swagger-ui/springfox.js HTTP/1.1" 200 4475 "http://localhost:8080/swagger-ui.html" "Mozilla/5.0 (Windows NT 10.0; Win64; x64) AppleWebKit/537.36 (KHTML, like Gecko) Chrome/84.0.4147.105 Safari/537.36"
0:0:0:0:0:0:0:1 - - [03/Feb/2021:15:16:43 +0800] "GET /webjars/springfox-swagger-ui/lib/swagger-oauth.js HTTP/1.1" 200 7042 "http://localhost:8080/swagger-ui.html" "Mozilla/5.0 (Windows NT 10.0; Win64; x64) AppleWebKit/537.36 (KHTML, like Gecko) Chrome/84.0.4147.105 Safari/537.36"
0:0:0:0:0:0:0:1 - - [03/Feb/2021:15:16:43 +0800] "GET /webjars/springfox-swagger-ui/swagger-ui.min.js HTTP/1.1" 200 453076 "http://localhost:8080/swagger-ui.html" "Mozilla/5.0 (Windows NT 10.0; Win64; x64) AppleWebKit/537.36 (KHTML, like Gecko) Chrome/84.0.4147.105 Safari/537.36"
0:0:0:0:0:0:0:1 - - [03/Feb/2021:15:16:43 +0800] "GET /webjars/springfox-swagger-ui/images/logo_small.png HTTP/1.1" 200 455 "http://localhost:8080/swagger-ui.html" "Mozilla/5.0 (Windows NT 10.0; Win64; x64) AppleWebKit/537.36 (KHTML, like Gecko) Chrome/84.0.4147.105 Safari/537.36"
0:0:0:0:0:0:0:1 - - [03/Feb/2021:15:16:43 +0800] "GET /webjars/springfox-swagger-ui/css/print.css HTTP/1.1" 200 41666 "http://localhost:8080/swagger-ui.html" "Mozilla/5.0 (Windows NT 10.0; Win64; x64) AppleWebKit/537.36 (KHTML, like Gecko) Chrome/84.0.4147.105 Safari/537.36"
0:0:0:0:0:0:0:1 - - [03/Feb/2021:15:16:44 +0800] "GET /swagger-resources/configuration/ui HTTP/1.1" 200 196 "http://localhost:8080/swagger-ui.html" "Mozilla/5.0 (Windows NT 10.0; Win64; x64) AppleWebKit/537.36 (KHTML, like Gecko) Chrome/84.0.4147.105 Safari/537.36"
0:0:0:0:0:0:0:1 - - [03/Feb/2021:15:16:44 +0800] "GET /webjars/springfox-swagger-ui/images/favicon-32x32.png HTTP/1.1" 200 1141 "http://localhost:8080/swagger-ui.html" "Mozilla/5.0 (Windows NT 10.0; Win64; x64) AppleWebKit/537.36 (KHTML, like Gecko) Chrome/84.0.4147.105 Safari/537.36"
0:0:0:0:0:0:0:1 - - [03/Feb/2021:15:16:44 +0800] "GET /swagger-resources HTTP/1.1" 200 80 "http://localhost:8080/swagger-ui.html" "Mozilla/5.0 (Windows NT 10.0; Win64; x64) AppleWebKit/537.36 (KHTML, like Gecko) Chrome/84.0.4147.105 Safari/537.36"
0:0:0:0:0:0:0:1 - - [03/Feb/2021:15:16:44 +0800] "GET /v2/api-docs HTTP/1.1" 200 5834 "http://localhost:8080/swagger-ui.html" "Mozilla/5.0 (Windows NT 10.0; Win64; x64) AppleWebKit/537.36 (KHTML, like Gecko) Chrome/84.0.4147.105 Safari/537.36"
0:0:0:0:0:0:0:1 - - [03/Feb/2021:15:16:44 +0800] "GET /swagger-resources/configuration/security HTTP/1.1" 200 81 "http://localhost:8080/swagger-ui.html" "Mozilla/5.0 (Windows NT 10.0; Win64; x64) AppleWebKit/537.36 (KHTML, like Gecko) Chrome/84.0.4147.105 Safari/537.36"
0:0:0:0:0:0:0:1 - - [03/Feb/2021:15:16:47 +0800] "GET /webjars/springfox-swagger-ui/images/throbber.gif HTTP/1.1" 200 9257 "http://localhost:8080/webjars/springfox-swagger-ui/css/screen.css" "Mozilla/5.0 (Windows NT 10.0; Win64; x64) AppleWebKit/537.36 (KHTML, like Gecko) Chrome/84.0.4147.105 Safari/537.36"
0:0:0:0:0:0:0:1 - - [03/Feb/2021:15:17:14 +0800] "GET /swagger-ui.html HTTP/1.1" 200 3246 "-" "Mozilla/5.0 (Windows NT 10.0; Win64; x64) AppleWebKit/537.36 (KHTML, like Gecko) Chrome/84.0.4147.105 Safari/537.36"
0:0:0:0:0:0:0:1 - - [03/Feb/2021:15:17:14 +0800] "GET /webjars/springfox-swagger-ui/css/typography.css HTTP/1.1" 404 170 "http://localhost:8080/swagger-ui.html" "Mozilla/5.0 (Windows NT 10.0; Win64; x64) AppleWebKit/537.36 (KHTML, like Gecko) Chrome/84.0.4147.105 Safari/537.36"
0:0:0:0:0:0:0:1 - - [03/Feb/2021:15:17:14 +0800] "GET /webjars/springfox-swagger-ui/css/screen.css HTTP/1.1" 200 43644 "http://localhost:8080/swagger-ui.html" "Mozilla/5.0 (Windows NT 10.0; Win64; x64) AppleWebKit/537.36 (KHTML, like Gecko) Chrome/84.0.4147.105 Safari/537.36"
0:0:0:0:0:0:0:1 - - [03/Feb/2021:15:17:14 +0800] "GET /webjars/springfox-swagger-ui/css/reset.css HTTP/1.1" 200 773 "http://localhost:8080/swagger-ui.html" "Mozilla/5.0 (Windows NT 10.0; Win64; x64) AppleWebKit/537.36 (KHTML, like Gecko) Chrome/84.0.4147.105 Safari/537.36"
0:0:0:0:0:0:0:1 - - [03/Feb/2021:15:17:14 +0800] "GET /webjars/springfox-swagger-ui/lib/object-assign-pollyfill.js HTTP/1.1" 200 349 "http://localhost:8080/swagger-ui.html" "Mozilla/5.0 (Windows NT 10.0; Win64; x64) AppleWebKit/537.36 (KHTML, like Gecko) Chrome/84.0.4147.105 Safari/537.36"
0:0:0:0:0:0:0:1 - - [03/Feb/2021:15:17:14 +0800] "GET /webjars/springfox-swagger-ui/lib/jquery.slideto.min.js HTTP/1.1" 200 365 "http://localhost:8080/swagger-ui.html" "Mozilla/5.0 (Windows NT 10.0; Win64; x64) AppleWebKit/537.36 (KHTML, like Gecko) Chrome/84.0.4147.105 Safari/537.36"
0:0:0:0:0:0:0:1 - - [03/Feb/2021:15:17:14 +0800] "GET /webjars/springfox-swagger-ui/lib/jquery.wiggle.min.js HTTP/1.1" 200 536 "http://localhost:8080/swagger-ui.html" "Mozilla/5.0 (Windows NT 10.0; Win64; x64) AppleWebKit/537.36 (KHTML, like Gecko) Chrome/84.0.4147.105 Safari/537.36"
0:0:0:0:0:0:0:1 - - [03/Feb/2021:15:17:14 +0800] "GET /webjars/springfox-swagger-ui/lib/jquery-1.8.0.min.js HTTP/1.1" 200 92032 "http://localhost:8080/swagger-ui.html" "Mozilla/5.0 (Windows NT 10.0; Win64; x64) AppleWebKit/537.36 (KHTML, like Gecko) Chrome/84.0.4147.105 Safari/537.36"
0:0:0:0:0:0:0:1 - - [03/Feb/2021:15:17:14 +0800] "GET /webjars/springfox-swagger-ui/lib/jquery.ba-bbq.min.js HTTP/1.1" 200 3518 "http://localhost:8080/swagger-ui.html" "Mozilla/5.0 (Windows NT 10.0; Win64; x64) AppleWebKit/537.36 (KHTML, like Gecko) Chrome/84.0.4147.105 Safari/537.36"
0:0:0:0:0:0:0:1 - - [03/Feb/2021:15:17:14 +0800] "GET /webjars/springfox-swagger-ui/lib/lodash.min.js HTTP/1.1" 200 51894 "http://localhost:8080/swagger-ui.html" "Mozilla/5.0 (Windows NT 10.0; Win64; x64) AppleWebKit/537.36 (KHTML, like Gecko) Chrome/84.0.4147.105 Safari/537.36"
0:0:0:0:0:0:0:1 - - [03/Feb/2021:15:17:14 +0800] "GET /webjars/springfox-swagger-ui/lib/handlebars-4.0.5.js HTTP/1.1" 200 71504 "http://localhost:8080/swagger-ui.html" "Mozilla/5.0 (Windows NT 10.0; Win64; x64) AppleWebKit/537.36 (KHTML, like Gecko) Chrome/84.0.4147.105 Safari/537.36"
0:0:0:0:0:0:0:1 - - [03/Feb/2021:15:17:14 +0800] "GET /webjars/springfox-swagger-ui/lib/backbone-min.js HTTP/1.1" 200 19371 "http://localhost:8080/swagger-ui.html" "Mozilla/5.0 (Windows NT 10.0; Win64; x64) AppleWebKit/537.36 (KHTML, like Gecko) Chrome/84.0.4147.105 Safari/537.36"
0:0:0:0:0:0:0:1 - - [03/Feb/2021:15:17:14 +0800] "GET /webjars/springfox-swagger-ui/lib/highlight.9.1.0.pack_extended.js HTTP/1.1" 200 310 "http://localhost:8080/swagger-ui.html" "Mozilla/5.0 (Windows NT 10.0; Win64; x64) AppleWebKit/537.36 (KHTML, like Gecko) Chrome/84.0.4147.105 Safari/537.36"
0:0:0:0:0:0:0:1 - - [03/Feb/2021:15:17:14 +0800] "GET /webjars/springfox-swagger-ui/lib/jsoneditor.min.js HTTP/1.1" 200 129835 "http://localhost:8080/swagger-ui.html" "Mozilla/5.0 (Windows NT 10.0; Win64; x64) AppleWebKit/537.36 (KHTML, like Gecko) Chrome/84.0.4147.105 Safari/537.36"
0:0:0:0:0:0:0:1 - - [03/Feb/2021:15:17:14 +0800] "GET /webjars/springfox-swagger-ui/lib/marked.js HTTP/1.1" 200 15724 "http://localhost:8080/swagger-ui.html" "Mozilla/5.0 (Windows NT 10.0; Win64; x64) AppleWebKit/537.36 (KHTML, like Gecko) Chrome/84.0.4147.105 Safari/537.36"
0:0:0:0:0:0:0:1 - - [03/Feb/2021:15:17:14 +0800] "GET /webjars/springfox-swagger-ui/lib/highlight.9.1.0.pack.js HTTP/1.1" 200 10962 "http://localhost:8080/swagger-ui.html" "Mozilla/5.0 (Windows NT 10.0; Win64; x64) AppleWebKit/537.36 (KHTML, like Gecko) Chrome/84.0.4147.105 Safari/537.36"
0:0:0:0:0:0:0:1 - - [03/Feb/2021:15:17:14 +0800] "GET /webjars/springfox-swagger-ui/springfox.js HTTP/1.1" 200 4475 "http://localhost:8080/swagger-ui.html" "Mozilla/5.0 (Windows NT 10.0; Win64; x64) AppleWebKit/537.36 (KHTML, like Gecko) Chrome/84.0.4147.105 Safari/537.36"
0:0:0:0:0:0:0:1 - - [03/Feb/2021:15:17:14 +0800] "GET /webjars/springfox-swagger-ui/lib/swagger-oauth.js HTTP/1.1" 200 7042 "http://localhost:8080/swagger-ui.html" "Mozilla/5.0 (Windows NT 10.0; Win64; x64) AppleWebKit/537.36 (KHTML, like Gecko) Chrome/84.0.4147.105 Safari/537.36"
0:0:0:0:0:0:0:1 - - [03/Feb/2021:15:17:14 +0800] "GET /webjars/springfox-swagger-ui/swagger-ui.min.js HTTP/1.1" 200 453076 "http://localhost:8080/swagger-ui.html" "Mozilla/5.0 (Windows NT 10.0; Win64; x64) AppleWebKit/537.36 (KHTML, like Gecko) Chrome/84.0.4147.105 Safari/537.36"
0:0:0:0:0:0:0:1 - - [03/Feb/2021:15:17:14 +0800] "GET /webjars/springfox-swagger-ui/images/logo_small.png HTTP/1.1" 200 455 "http://localhost:8080/swagger-ui.html" "Mozilla/5.0 (Windows NT 10.0; Win64; x64) AppleWebKit/537.36 (KHTML, like Gecko) Chrome/84.0.4147.105 Safari/537.36"
0:0:0:0:0:0:0:1 - - [03/Feb/2021:15:17:14 +0800] "GET /webjars/springfox-swagger-ui/css/print.css HTTP/1.1" 200 41666 "http://localhost:8080/swagger-ui.html" "Mozilla/5.0 (Windows NT 10.0; Win64; x64) AppleWebKit/537.36 (KHTML, like Gecko) Chrome/84.0.4147.105 Safari/537.36"
0:0:0:0:0:0:0:1 - - [03/Feb/2021:15:17:14 +0800] "GET /swagger-resources/configuration/ui HTTP/1.1" 200 196 "http://localhost:8080/swagger-ui.html" "Mozilla/5.0 (Windows NT 10.0; Win64; x64) AppleWebKit/537.36 (KHTML, like Gecko) Chrome/84.0.4147.105 Safari/537.36"
0:0:0:0:0:0:0:1 - - [03/Feb/2021:15:17:14 +0800] "GET /webjars/springfox-swagger-ui/images/favicon-32x32.png HTTP/1.1" 200 1141 "http://localhost:8080/swagger-ui.html" "Mozilla/5.0 (Windows NT 10.0; Win64; x64) AppleWebKit/537.36 (KHTML, like Gecko) Chrome/84.0.4147.105 Safari/537.36"
0:0:0:0:0:0:0:1 - - [03/Feb/2021:15:17:14 +0800] "GET /swagger-resources HTTP/1.1" 200 80 "http://localhost:8080/swagger-ui.html" "Mozilla/5.0 (Windows NT 10.0; Win64; x64) AppleWebKit/537.36 (KHTML, like Gecko) Chrome/84.0.4147.105 Safari/537.36"
0:0:0:0:0:0:0:1 - - [03/Feb/2021:15:17:14 +0800] "GET /v2/api-docs HTTP/1.1" 200 5885 "http://localhost:8080/swagger-ui.html" "Mozilla/5.0 (Windows NT 10.0; Win64; x64) AppleWebKit/537.36 (KHTML, like Gecko) Chrome/84.0.4147.105 Safari/537.36"
0:0:0:0:0:0:0:1 - - [03/Feb/2021:15:17:14 +0800] "GET /swagger-resources/configuration/security HTTP/1.1" 200 81 "http://localhost:8080/swagger-ui.html" "Mozilla/5.0 (Windows NT 10.0; Win64; x64) AppleWebKit/537.36 (KHTML, like Gecko) Chrome/84.0.4147.105 Safari/537.36"
0:0:0:0:0:0:0:1 - - [03/Feb/2021:15:17:15 +0800] "GET /webjars/springfox-swagger-ui/images/throbber.gif HTTP/1.1" 200 9257 "http://localhost:8080/webjars/springfox-swagger-ui/css/screen.css" "Mozilla/5.0 (Windows NT 10.0; Win64; x64) AppleWebKit/537.36 (KHTML, like Gecko) Chrome/84.0.4147.105 Safari/537.36"
0:0:0:0:0:0:0:1 - - [03/Feb/2021:15:19:47 +0800] "GET /swagger-ui.html HTTP/1.1" 200 3246 "-" "Mozilla/5.0 (Windows NT 10.0; Win64; x64) AppleWebKit/537.36 (KHTML, like Gecko) Chrome/84.0.4147.105 Safari/537.36"
0:0:0:0:0:0:0:1 - - [03/Feb/2021:15:19:47 +0800] "GET /webjars/springfox-swagger-ui/css/reset.css HTTP/1.1" 200 773 "http://localhost:8080/swagger-ui.html" "Mozilla/5.0 (Windows NT 10.0; Win64; x64) AppleWebKit/537.36 (KHTML, like Gecko) Chrome/84.0.4147.105 Safari/537.36"
0:0:0:0:0:0:0:1 - - [03/Feb/2021:15:19:47 +0800] "GET /webjars/springfox-swagger-ui/css/screen.css HTTP/1.1" 200 43644 "http://localhost:8080/swagger-ui.html" "Mozilla/5.0 (Windows NT 10.0; Win64; x64) AppleWebKit/537.36 (KHTML, like Gecko) Chrome/84.0.4147.105 Safari/537.36"
0:0:0:0:0:0:0:1 - - [03/Feb/2021:15:19:47 +0800] "GET /webjars/springfox-swagger-ui/lib/object-assign-pollyfill.js HTTP/1.1" 200 349 "http://localhost:8080/swagger-ui.html" "Mozilla/5.0 (Windows NT 10.0; Win64; x64) AppleWebKit/537.36 (KHTML, like Gecko) Chrome/84.0.4147.105 Safari/537.36"
0:0:0:0:0:0:0:1 - - [03/Feb/2021:15:19:47 +0800] "GET /webjars/springfox-swagger-ui/lib/jquery.slideto.min.js HTTP/1.1" 200 365 "http://localhost:8080/swagger-ui.html" "Mozilla/5.0 (Windows NT 10.0; Win64; x64) AppleWebKit/537.36 (KHTML, like Gecko) Chrome/84.0.4147.105 Safari/537.36"
0:0:0:0:0:0:0:1 - - [03/Feb/2021:15:19:47 +0800] "GET /webjars/springfox-swagger-ui/lib/jquery.wiggle.min.js HTTP/1.1" 200 536 "http://localhost:8080/swagger-ui.html" "Mozilla/5.0 (Windows NT 10.0; Win64; x64) AppleWebKit/537.36 (KHTML, like Gecko) Chrome/84.0.4147.105 Safari/537.36"
0:0:0:0:0:0:0:1 - - [03/Feb/2021:15:19:47 +0800] "GET /webjars/springfox-swagger-ui/lib/jquery-1.8.0.min.js HTTP/1.1" 200 92032 "http://localhost:8080/swagger-ui.html" "Mozilla/5.0 (Windows NT 10.0; Win64; x64) AppleWebKit/537.36 (KHTML, like Gecko) Chrome/84.0.4147.105 Safari/537.36"
0:0:0:0:0:0:0:1 - - [03/Feb/2021:15:19:48 +0800] "GET /webjars/springfox-swagger-ui/lib/lodash.min.js HTTP/1.1" 200 51894 "http://localhost:8080/swagger-ui.html" "Mozilla/5.0 (Windows NT 10.0; Win64; x64) AppleWebKit/537.36 (KHTML, like Gecko) Chrome/84.0.4147.105 Safari/537.36"
0:0:0:0:0:0:0:1 - - [03/Feb/2021:15:19:48 +0800] "GET /webjars/springfox-swagger-ui/css/typography.css HTTP/1.1" 404 170 "http://localhost:8080/swagger-ui.html" "Mozilla/5.0 (Windows NT 10.0; Win64; x64) AppleWebKit/537.36 (KHTML, like Gecko) Chrome/84.0.4147.105 Safari/537.36"
0:0:0:0:0:0:0:1 - - [03/Feb/2021:15:19:48 +0800] "GET /webjars/springfox-swagger-ui/lib/backbone-min.js HTTP/1.1" 200 19371 "http://localhost:8080/swagger-ui.html" "Mozilla/5.0 (Windows NT 10.0; Win64; x64) AppleWebKit/537.36 (KHTML, like Gecko) Chrome/84.0.4147.105 Safari/537.36"
0:0:0:0:0:0:0:1 - - [03/Feb/2021:15:19:48 +0800] "GET /webjars/springfox-swagger-ui/swagger-ui.min.js HTTP/1.1" 200 453076 "http://localhost:8080/swagger-ui.html" "Mozilla/5.0 (Windows NT 10.0; Win64; x64) AppleWebKit/537.36 (KHTML, like Gecko) Chrome/84.0.4147.105 Safari/537.36"
0:0:0:0:0:0:0:1 - - [03/Feb/2021:15:19:48 +0800] "GET /webjars/springfox-swagger-ui/lib/highlight.9.1.0.pack.js HTTP/1.1" 200 10962 "http://localhost:8080/swagger-ui.html" "Mozilla/5.0 (Windows NT 10.0; Win64; x64) AppleWebKit/537.36 (KHTML, like Gecko) Chrome/84.0.4147.105 Safari/537.36"
0:0:0:0:0:0:0:1 - - [03/Feb/2021:15:19:48 +0800] "GET /webjars/springfox-swagger-ui/lib/handlebars-4.0.5.js HTTP/1.1" 200 71504 "http://localhost:8080/swagger-ui.html" "Mozilla/5.0 (Windows NT 10.0; Win64; x64) AppleWebKit/537.36 (KHTML, like Gecko) Chrome/84.0.4147.105 Safari/537.36"
0:0:0:0:0:0:0:1 - - [03/Feb/2021:15:19:48 +0800] "GET /webjars/springfox-swagger-ui/lib/highlight.9.1.0.pack_extended.js HTTP/1.1" 200 310 "http://localhost:8080/swagger-ui.html" "Mozilla/5.0 (Windows NT 10.0; Win64; x64) AppleWebKit/537.36 (KHTML, like Gecko) Chrome/84.0.4147.105 Safari/537.36"
0:0:0:0:0:0:0:1 - - [03/Feb/2021:15:19:48 +0800] "GET /webjars/springfox-swagger-ui/lib/marked.js HTTP/1.1" 200 15724 "http://localhost:8080/swagger-ui.html" "Mozilla/5.0 (Windows NT 10.0; Win64; x64) AppleWebKit/537.36 (KHTML, like Gecko) Chrome/84.0.4147.105 Safari/537.36"
0:0:0:0:0:0:0:1 - - [03/Feb/2021:15:19:48 +0800] "GET /webjars/springfox-swagger-ui/lib/jsoneditor.min.js HTTP/1.1" 200 129835 "http://localhost:8080/swagger-ui.html" "Mozilla/5.0 (Windows NT 10.0; Win64; x64) AppleWebKit/537.36 (KHTML, like Gecko) Chrome/84.0.4147.105 Safari/537.36"
0:0:0:0:0:0:0:1 - - [03/Feb/2021:15:19:48 +0800] "GET /webjars/springfox-swagger-ui/lib/swagger-oauth.js HTTP/1.1" 200 7042 "http://localhost:8080/swagger-ui.html" "Mozilla/5.0 (Windows NT 10.0; Win64; x64) AppleWebKit/537.36 (KHTML, like Gecko) Chrome/84.0.4147.105 Safari/537.36"
0:0:0:0:0:0:0:1 - - [03/Feb/2021:15:19:48 +0800] "GET /webjars/springfox-swagger-ui/springfox.js HTTP/1.1" 200 4475 "http://localhost:8080/swagger-ui.html" "Mozilla/5.0 (Windows NT 10.0; Win64; x64) AppleWebKit/537.36 (KHTML, like Gecko) Chrome/84.0.4147.105 Safari/537.36"
0:0:0:0:0:0:0:1 - - [03/Feb/2021:15:19:48 +0800] "GET /webjars/springfox-swagger-ui/lib/jquery.ba-bbq.min.js HTTP/1.1" 200 3518 "http://localhost:8080/swagger-ui.html" "Mozilla/5.0 (Windows NT 10.0; Win64; x64) AppleWebKit/537.36 (KHTML, like Gecko) Chrome/84.0.4147.105 Safari/537.36"
0:0:0:0:0:0:0:1 - - [03/Feb/2021:15:19:48 +0800] "GET /webjars/springfox-swagger-ui/images/logo_small.png HTTP/1.1" 200 455 "http://localhost:8080/swagger-ui.html" "Mozilla/5.0 (Windows NT 10.0; Win64; x64) AppleWebKit/537.36 (KHTML, like Gecko) Chrome/84.0.4147.105 Safari/537.36"
0:0:0:0:0:0:0:1 - - [03/Feb/2021:15:19:48 +0800] "GET /webjars/springfox-swagger-ui/css/print.css HTTP/1.1" 200 41666 "http://localhost:8080/swagger-ui.html" "Mozilla/5.0 (Windows NT 10.0; Win64; x64) AppleWebKit/537.36 (KHTML, like Gecko) Chrome/84.0.4147.105 Safari/537.36"
0:0:0:0:0:0:0:1 - - [03/Feb/2021:15:19:48 +0800] "GET /swagger-resources/configuration/ui HTTP/1.1" 200 196 "http://localhost:8080/swagger-ui.html" "Mozilla/5.0 (Windows NT 10.0; Win64; x64) AppleWebKit/537.36 (KHTML, like Gecko) Chrome/84.0.4147.105 Safari/537.36"
0:0:0:0:0:0:0:1 - - [03/Feb/2021:15:19:48 +0800] "GET /swagger-resources HTTP/1.1" 200 80 "http://localhost:8080/swagger-ui.html" "Mozilla/5.0 (Windows NT 10.0; Win64; x64) AppleWebKit/537.36 (KHTML, like Gecko) Chrome/84.0.4147.105 Safari/537.36"
0:0:0:0:0:0:0:1 - - [03/Feb/2021:15:19:48 +0800] "GET /webjars/springfox-swagger-ui/images/favicon-32x32.png HTTP/1.1" 200 1141 "http://localhost:8080/swagger-ui.html" "Mozilla/5.0 (Windows NT 10.0; Win64; x64) AppleWebKit/537.36 (KHTML, like Gecko) Chrome/84.0.4147.105 Safari/537.36"
0:0:0:0:0:0:0:1 - - [03/Feb/2021:15:19:48 +0800] "GET /v2/api-docs HTTP/1.1" 200 6683 "http://localhost:8080/swagger-ui.html" "Mozilla/5.0 (Windows NT 10.0; Win64; x64) AppleWebKit/537.36 (KHTML, like Gecko) Chrome/84.0.4147.105 Safari/537.36"
0:0:0:0:0:0:0:1 - - [03/Feb/2021:15:19:48 +0800] "GET /swagger-resources/configuration/security HTTP/1.1" 200 81 "http://localhost:8080/swagger-ui.html" "Mozilla/5.0 (Windows NT 10.0; Win64; x64) AppleWebKit/537.36 (KHTML, like Gecko) Chrome/84.0.4147.105 Safari/537.36"
0:0:0:0:0:0:0:1 - - [03/Feb/2021:15:19:48 +0800] "GET /webjars/springfox-swagger-ui/images/throbber.gif HTTP/1.1" 200 9257 "http://localhost:8080/webjars/springfox-swagger-ui/css/screen.css" "Mozilla/5.0 (Windows NT 10.0; Win64; x64) AppleWebKit/537.36 (KHTML, like Gecko) Chrome/84.0.4147.105 Safari/537.36"
0:0:0:0:0:0:0:1 - - [03/Feb/2021:15:20:57 +0800] "GET /swagger-ui.html HTTP/1.1" 200 3246 "-" "Mozilla/5.0 (Windows NT 10.0; Win64; x64) AppleWebKit/537.36 (KHTML, like Gecko) Chrome/84.0.4147.105 Safari/537.36"
0:0:0:0:0:0:0:1 - - [03/Feb/2021:15:20:57 +0800] "GET /webjars/springfox-swagger-ui/css/reset.css HTTP/1.1" 200 773 "http://localhost:8080/swagger-ui.html" "Mozilla/5.0 (Windows NT 10.0; Win64; x64) AppleWebKit/537.36 (KHTML, like Gecko) Chrome/84.0.4147.105 Safari/537.36"
0:0:0:0:0:0:0:1 - - [03/Feb/2021:15:20:57 +0800] "GET /webjars/springfox-swagger-ui/css/screen.css HTTP/1.1" 200 43644 "http://localhost:8080/swagger-ui.html" "Mozilla/5.0 (Windows NT 10.0; Win64; x64) AppleWebKit/537.36 (KHTML, like Gecko) Chrome/84.0.4147.105 Safari/537.36"
0:0:0:0:0:0:0:1 - - [03/Feb/2021:15:20:57 +0800] "GET /webjars/springfox-swagger-ui/lib/object-assign-pollyfill.js HTTP/1.1" 200 349 "http://localhost:8080/swagger-ui.html" "Mozilla/5.0 (Windows NT 10.0; Win64; x64) AppleWebKit/537.36 (KHTML, like Gecko) Chrome/84.0.4147.105 Safari/537.36"
0:0:0:0:0:0:0:1 - - [03/Feb/2021:15:20:57 +0800] "GET /webjars/springfox-swagger-ui/lib/jquery-1.8.0.min.js HTTP/1.1" 200 92032 "http://localhost:8080/swagger-ui.html" "Mozilla/5.0 (Windows NT 10.0; Win64; x64) AppleWebKit/537.36 (KHTML, like Gecko) Chrome/84.0.4147.105 Safari/537.36"
0:0:0:0:0:0:0:1 - - [03/Feb/2021:15:20:57 +0800] "GET /webjars/springfox-swagger-ui/css/typography.css HTTP/1.1" 404 170 "http://localhost:8080/swagger-ui.html" "Mozilla/5.0 (Windows NT 10.0; Win64; x64) AppleWebKit/537.36 (KHTML, like Gecko) Chrome/84.0.4147.105 Safari/537.36"
0:0:0:0:0:0:0:1 - - [03/Feb/2021:15:20:57 +0800] "GET /webjars/springfox-swagger-ui/lib/jquery.slideto.min.js HTTP/1.1" 200 365 "http://localhost:8080/swagger-ui.html" "Mozilla/5.0 (Windows NT 10.0; Win64; x64) AppleWebKit/537.36 (KHTML, like Gecko) Chrome/84.0.4147.105 Safari/537.36"
0:0:0:0:0:0:0:1 - - [03/Feb/2021:15:20:57 +0800] "GET /webjars/springfox-swagger-ui/lib/lodash.min.js HTTP/1.1" 200 51894 "http://localhost:8080/swagger-ui.html" "Mozilla/5.0 (Windows NT 10.0; Win64; x64) AppleWebKit/537.36 (KHTML, like Gecko) Chrome/84.0.4147.105 Safari/537.36"
0:0:0:0:0:0:0:1 - - [03/Feb/2021:15:20:57 +0800] "GET /webjars/springfox-swagger-ui/lib/backbone-min.js HTTP/1.1" 200 19371 "http://localhost:8080/swagger-ui.html" "Mozilla/5.0 (Windows NT 10.0; Win64; x64) AppleWebKit/537.36 (KHTML, like Gecko) Chrome/84.0.4147.105 Safari/537.36"
0:0:0:0:0:0:0:1 - - [03/Feb/2021:15:20:57 +0800] "GET /webjars/springfox-swagger-ui/swagger-ui.min.js HTTP/1.1" 200 453076 "http://localhost:8080/swagger-ui.html" "Mozilla/5.0 (Windows NT 10.0; Win64; x64) AppleWebKit/537.36 (KHTML, like Gecko) Chrome/84.0.4147.105 Safari/537.36"
0:0:0:0:0:0:0:1 - - [03/Feb/2021:15:20:57 +0800] "GET /webjars/springfox-swagger-ui/lib/handlebars-4.0.5.js HTTP/1.1" 200 71504 "http://localhost:8080/swagger-ui.html" "Mozilla/5.0 (Windows NT 10.0; Win64; x64) AppleWebKit/537.36 (KHTML, like Gecko) Chrome/84.0.4147.105 Safari/537.36"
0:0:0:0:0:0:0:1 - - [03/Feb/2021:15:20:57 +0800] "GET /webjars/springfox-swagger-ui/lib/highlight.9.1.0.pack_extended.js HTTP/1.1" 200 310 "http://localhost:8080/swagger-ui.html" "Mozilla/5.0 (Windows NT 10.0; Win64; x64) AppleWebKit/537.36 (KHTML, like Gecko) Chrome/84.0.4147.105 Safari/537.36"
0:0:0:0:0:0:0:1 - - [03/Feb/2021:15:20:57 +0800] "GET /webjars/springfox-swagger-ui/lib/highlight.9.1.0.pack.js HTTP/1.1" 200 10962 "http://localhost:8080/swagger-ui.html" "Mozilla/5.0 (Windows NT 10.0; Win64; x64) AppleWebKit/537.36 (KHTML, like Gecko) Chrome/84.0.4147.105 Safari/537.36"
0:0:0:0:0:0:0:1 - - [03/Feb/2021:15:20:57 +0800] "GET /webjars/springfox-swagger-ui/lib/jsoneditor.min.js HTTP/1.1" 200 129835 "http://localhost:8080/swagger-ui.html" "Mozilla/5.0 (Windows NT 10.0; Win64; x64) AppleWebKit/537.36 (KHTML, like Gecko) Chrome/84.0.4147.105 Safari/537.36"
0:0:0:0:0:0:0:1 - - [03/Feb/2021:15:20:57 +0800] "GET /webjars/springfox-swagger-ui/lib/marked.js HTTP/1.1" 200 15724 "http://localhost:8080/swagger-ui.html" "Mozilla/5.0 (Windows NT 10.0; Win64; x64) AppleWebKit/537.36 (KHTML, like Gecko) Chrome/84.0.4147.105 Safari/537.36"
0:0:0:0:0:0:0:1 - - [03/Feb/2021:15:20:57 +0800] "GET /webjars/springfox-swagger-ui/lib/swagger-oauth.js HTTP/1.1" 200 7042 "http://localhost:8080/swagger-ui.html" "Mozilla/5.0 (Windows NT 10.0; Win64; x64) AppleWebKit/537.36 (KHTML, like Gecko) Chrome/84.0.4147.105 Safari/537.36"
0:0:0:0:0:0:0:1 - - [03/Feb/2021:15:20:57 +0800] "GET /webjars/springfox-swagger-ui/springfox.js HTTP/1.1" 200 4475 "http://localhost:8080/swagger-ui.html" "Mozilla/5.0 (Windows NT 10.0; Win64; x64) AppleWebKit/537.36 (KHTML, like Gecko) Chrome/84.0.4147.105 Safari/537.36"
0:0:0:0:0:0:0:1 - - [03/Feb/2021:15:20:57 +0800] "GET /webjars/springfox-swagger-ui/lib/jquery.ba-bbq.min.js HTTP/1.1" 200 3518 "http://localhost:8080/swagger-ui.html" "Mozilla/5.0 (Windows NT 10.0; Win64; x64) AppleWebKit/537.36 (KHTML, like Gecko) Chrome/84.0.4147.105 Safari/537.36"
0:0:0:0:0:0:0:1 - - [03/Feb/2021:15:20:57 +0800] "GET /webjars/springfox-swagger-ui/lib/jquery.wiggle.min.js HTTP/1.1" 200 536 "http://localhost:8080/swagger-ui.html" "Mozilla/5.0 (Windows NT 10.0; Win64; x64) AppleWebKit/537.36 (KHTML, like Gecko) Chrome/84.0.4147.105 Safari/537.36"
0:0:0:0:0:0:0:1 - - [03/Feb/2021:15:20:57 +0800] "GET /webjars/springfox-swagger-ui/images/logo_small.png HTTP/1.1" 200 455 "http://localhost:8080/swagger-ui.html" "Mozilla/5.0 (Windows NT 10.0; Win64; x64) AppleWebKit/537.36 (KHTML, like Gecko) Chrome/84.0.4147.105 Safari/537.36"
0:0:0:0:0:0:0:1 - - [03/Feb/2021:15:20:57 +0800] "GET /webjars/springfox-swagger-ui/css/print.css HTTP/1.1" 200 41666 "http://localhost:8080/swagger-ui.html" "Mozilla/5.0 (Windows NT 10.0; Win64; x64) AppleWebKit/537.36 (KHTML, like Gecko) Chrome/84.0.4147.105 Safari/537.36"
0:0:0:0:0:0:0:1 - - [03/Feb/2021:15:20:57 +0800] "GET /swagger-resources/configuration/ui HTTP/1.1" 200 196 "http://localhost:8080/swagger-ui.html" "Mozilla/5.0 (Windows NT 10.0; Win64; x64) AppleWebKit/537.36 (KHTML, like Gecko) Chrome/84.0.4147.105 Safari/537.36"
0:0:0:0:0:0:0:1 - - [03/Feb/2021:15:20:57 +0800] "GET /webjars/springfox-swagger-ui/images/favicon-32x32.png HTTP/1.1" 200 1141 "http://localhost:8080/swagger-ui.html" "Mozilla/5.0 (Windows NT 10.0; Win64; x64) AppleWebKit/537.36 (KHTML, like Gecko) Chrome/84.0.4147.105 Safari/537.36"
0:0:0:0:0:0:0:1 - - [03/Feb/2021:15:20:57 +0800] "GET /swagger-resources HTTP/1.1" 200 80 "http://localhost:8080/swagger-ui.html" "Mozilla/5.0 (Windows NT 10.0; Win64; x64) AppleWebKit/537.36 (KHTML, like Gecko) Chrome/84.0.4147.105 Safari/537.36"
0:0:0:0:0:0:0:1 - - [03/Feb/2021:15:20:57 +0800] "GET /v2/api-docs HTTP/1.1" 200 6745 "http://localhost:8080/swagger-ui.html" "Mozilla/5.0 (Windows NT 10.0; Win64; x64) AppleWebKit/537.36 (KHTML, like Gecko) Chrome/84.0.4147.105 Safari/537.36"
0:0:0:0:0:0:0:1 - - [03/Feb/2021:15:20:57 +0800] "GET /swagger-resources/configuration/security HTTP/1.1" 200 81 "http://localhost:8080/swagger-ui.html" "Mozilla/5.0 (Windows NT 10.0; Win64; x64) AppleWebKit/537.36 (KHTML, like Gecko) Chrome/84.0.4147.105 Safari/537.36"
0:0:0:0:0:0:0:1 - - [03/Feb/2021:15:20:57 +0800] "GET /webjars/springfox-swagger-ui/images/throbber.gif HTTP/1.1" 200 9257 "http://localhost:8080/webjars/springfox-swagger-ui/css/screen.css" "Mozilla/5.0 (Windows NT 10.0; Win64; x64) AppleWebKit/537.36 (KHTML, like Gecko) Chrome/84.0.4147.105 Safari/537.36"
0:0:0:0:0:0:0:1 - - [03/Feb/2021:15:41:32 +0800] "GET /webjars/springfox-swagger-ui/lib/object-assign-pollyfill.js HTTP/1.1" 304 - "http://localhost:8080/swagger-ui.html" "Mozilla/5.0 (Windows NT 10.0; Win64; x64) AppleWebKit/537.36 (KHTML, like Gecko) Chrome/84.0.4147.105 Safari/537.36"
0:0:0:0:0:0:0:1 - - [03/Feb/2021:15:41:32 +0800] "GET /webjars/springfox-swagger-ui/lib/jquery.slideto.min.js HTTP/1.1" 304 - "http://localhost:8080/swagger-ui.html" "Mozilla/5.0 (Windows NT 10.0; Win64; x64) AppleWebKit/537.36 (KHTML, like Gecko) Chrome/84.0.4147.105 Safari/537.36"
0:0:0:0:0:0:0:1 - - [03/Feb/2021:15:41:32 +0800] "GET /webjars/springfox-swagger-ui/lib/jquery.wiggle.min.js HTTP/1.1" 304 - "http://localhost:8080/swagger-ui.html" "Mozilla/5.0 (Windows NT 10.0; Win64; x64) AppleWebKit/537.36 (KHTML, like Gecko) Chrome/84.0.4147.105 Safari/537.36"
0:0:0:0:0:0:0:1 - - [03/Feb/2021:15:41:32 +0800] "GET /webjars/springfox-swagger-ui/css/reset.css HTTP/1.1" 304 - "http://localhost:8080/swagger-ui.html" "Mozilla/5.0 (Windows NT 10.0; Win64; x64) AppleWebKit/537.36 (KHTML, like Gecko) Chrome/84.0.4147.105 Safari/537.36"
0:0:0:0:0:0:0:1 - - [03/Feb/2021:15:41:32 +0800] "GET /webjars/springfox-swagger-ui/lib/jquery-1.8.0.min.js HTTP/1.1" 304 - "http://localhost:8080/swagger-ui.html" "Mozilla/5.0 (Windows NT 10.0; Win64; x64) AppleWebKit/537.36 (KHTML, like Gecko) Chrome/84.0.4147.105 Safari/537.36"
0:0:0:0:0:0:0:1 - - [03/Feb/2021:15:41:32 +0800] "GET /webjars/springfox-swagger-ui/swagger-ui.min.js HTTP/1.1" 304 - "http://localhost:8080/swagger-ui.html" "Mozilla/5.0 (Windows NT 10.0; Win64; x64) AppleWebKit/537.36 (KHTML, like Gecko) Chrome/84.0.4147.105 Safari/537.36"
0:0:0:0:0:0:0:1 - - [03/Feb/2021:15:41:32 +0800] "GET /webjars/springfox-swagger-ui/lib/jquery.ba-bbq.min.js HTTP/1.1" 304 - "http://localhost:8080/swagger-ui.html" "Mozilla/5.0 (Windows NT 10.0; Win64; x64) AppleWebKit/537.36 (KHTML, like Gecko) Chrome/84.0.4147.105 Safari/537.36"
0:0:0:0:0:0:0:1 - - [03/Feb/2021:15:41:32 +0800] "GET /webjars/springfox-swagger-ui/lib/lodash.min.js HTTP/1.1" 304 - "http://localhost:8080/swagger-ui.html" "Mozilla/5.0 (Windows NT 10.0; Win64; x64) AppleWebKit/537.36 (KHTML, like Gecko) Chrome/84.0.4147.105 Safari/537.36"
0:0:0:0:0:0:0:1 - - [03/Feb/2021:15:41:32 +0800] "GET /webjars/springfox-swagger-ui/lib/handlebars-4.0.5.js HTTP/1.1" 304 - "http://localhost:8080/swagger-ui.html" "Mozilla/5.0 (Windows NT 10.0; Win64; x64) AppleWebKit/537.36 (KHTML, like Gecko) Chrome/84.0.4147.105 Safari/537.36"
0:0:0:0:0:0:0:1 - - [03/Feb/2021:15:41:32 +0800] "GET /webjars/springfox-swagger-ui/lib/highlight.9.1.0.pack.js HTTP/1.1" 304 - "http://localhost:8080/swagger-ui.html" "Mozilla/5.0 (Windows NT 10.0; Win64; x64) AppleWebKit/537.36 (KHTML, like Gecko) Chrome/84.0.4147.105 Safari/537.36"
0:0:0:0:0:0:0:1 - - [03/Feb/2021:15:41:32 +0800] "GET /webjars/springfox-swagger-ui/lib/backbone-min.js HTTP/1.1" 304 - "http://localhost:8080/swagger-ui.html" "Mozilla/5.0 (Windows NT 10.0; Win64; x64) AppleWebKit/537.36 (KHTML, like Gecko) Chrome/84.0.4147.105 Safari/537.36"
0:0:0:0:0:0:0:1 - - [03/Feb/2021:15:41:32 +0800] "GET /webjars/springfox-swagger-ui/lib/jsoneditor.min.js HTTP/1.1" 304 - "http://localhost:8080/swagger-ui.html" "Mozilla/5.0 (Windows NT 10.0; Win64; x64) AppleWebKit/537.36 (KHTML, like Gecko) Chrome/84.0.4147.105 Safari/537.36"
0:0:0:0:0:0:0:1 - - [03/Feb/2021:15:41:33 +0800] "GET /webjars/springfox-swagger-ui/lib/highlight.9.1.0.pack_extended.js HTTP/1.1" 304 - "http://localhost:8080/swagger-ui.html" "Mozilla/5.0 (Windows NT 10.0; Win64; x64) AppleWebKit/537.36 (KHTML, like Gecko) Chrome/84.0.4147.105 Safari/537.36"
0:0:0:0:0:0:0:1 - - [03/Feb/2021:15:41:33 +0800] "GET /webjars/springfox-swagger-ui/lib/marked.js HTTP/1.1" 304 - "http://localhost:8080/swagger-ui.html" "Mozilla/5.0 (Windows NT 10.0; Win64; x64) AppleWebKit/537.36 (KHTML, like Gecko) Chrome/84.0.4147.105 Safari/537.36"
0:0:0:0:0:0:0:1 - - [03/Feb/2021:15:41:33 +0800] "GET /webjars/springfox-swagger-ui/springfox.js HTTP/1.1" 304 - "http://localhost:8080/swagger-ui.html" "Mozilla/5.0 (Windows NT 10.0; Win64; x64) AppleWebKit/537.36 (KHTML, like Gecko) Chrome/84.0.4147.105 Safari/537.36"
0:0:0:0:0:0:0:1 - - [03/Feb/2021:15:41:33 +0800] "GET /webjars/springfox-swagger-ui/lib/swagger-oauth.js HTTP/1.1" 304 - "http://localhost:8080/swagger-ui.html" "Mozilla/5.0 (Windows NT 10.0; Win64; x64) AppleWebKit/537.36 (KHTML, like Gecko) Chrome/84.0.4147.105 Safari/537.36"
0:0:0:0:0:0:0:1 - - [03/Feb/2021:15:41:33 +0800] "GET /webjars/springfox-swagger-ui/images/logo_small.png HTTP/1.1" 304 - "http://localhost:8080/swagger-ui.html" "Mozilla/5.0 (Windows NT 10.0; Win64; x64) AppleWebKit/537.36 (KHTML, like Gecko) Chrome/84.0.4147.105 Safari/537.36"
0:0:0:0:0:0:0:1 - - [03/Feb/2021:15:41:33 +0800] "GET /webjars/springfox-swagger-ui/css/typography.css HTTP/1.1" 404 170 "http://localhost:8080/swagger-ui.html" "Mozilla/5.0 (Windows NT 10.0; Win64; x64) AppleWebKit/537.36 (KHTML, like Gecko) Chrome/84.0.4147.105 Safari/537.36"
0:0:0:0:0:0:0:1 - - [03/Feb/2021:15:41:33 +0800] "GET /swagger-resources/configuration/ui HTTP/1.1" 200 196 "http://localhost:8080/swagger-ui.html" "Mozilla/5.0 (Windows NT 10.0; Win64; x64) AppleWebKit/537.36 (KHTML, like Gecko) Chrome/84.0.4147.105 Safari/537.36"
0:0:0:0:0:0:0:1 - - [03/Feb/2021:15:41:33 +0800] "GET /swagger-resources HTTP/1.1" 200 80 "http://localhost:8080/swagger-ui.html" "Mozilla/5.0 (Windows NT 10.0; Win64; x64) AppleWebKit/537.36 (KHTML, like Gecko) Chrome/84.0.4147.105 Safari/537.36"
0:0:0:0:0:0:0:1 - - [03/Feb/2021:15:41:33 +0800] "GET /v2/api-docs HTTP/1.1" 200 6696 "http://localhost:8080/swagger-ui.html" "Mozilla/5.0 (Windows NT 10.0; Win64; x64) AppleWebKit/537.36 (KHTML, like Gecko) Chrome/84.0.4147.105 Safari/537.36"
0:0:0:0:0:0:0:1 - - [03/Feb/2021:15:41:33 +0800] "GET /swagger-resources/configuration/security HTTP/1.1" 200 81 "http://localhost:8080/swagger-ui.html" "Mozilla/5.0 (Windows NT 10.0; Win64; x64) AppleWebKit/537.36 (KHTML, like Gecko) Chrome/84.0.4147.105 Safari/537.36"
127.0.0.1 - - [03/Feb/2021:15:42:14 +0800] "POST /param HTTP/1.1" 400 5382 "-" "Mozilla/5.0 (compatible; Baiduspider/2.0; +http://www.baidu.com/search/spider.html)"
127.0.0.1 - - [03/Feb/2021:15:42:27 +0800] "POST /param HTTP/1.1" 200 2 "-" "Mozilla/5.0 (compatible; Baiduspider/2.0; +http://www.baidu.com/search/spider.html)"
127.0.0.1 - - [03/Feb/2021:15:42:58 +0800] "POST /param HTTP/1.1" 400 5382 "-" "Mozilla/5.0 (compatible; Baiduspider/2.0; +http://www.baidu.com/search/spider.html)"
0:0:0:0:0:0:0:1 - - [03/Feb/2021:15:52:47 +0800] "GET /swagger-ui.html HTTP/1.1" 304 - "-" "Mozilla/5.0 (Windows NT 10.0; Win64; x64) AppleWebKit/537.36 (KHTML, like Gecko) Chrome/84.0.4147.105 Safari/537.36"
0:0:0:0:0:0:0:1 - - [03/Feb/2021:15:52:47 +0800] "GET /webjars/springfox-swagger-ui/css/typography.css HTTP/1.1" 404 170 "http://localhost:8080/swagger-ui.html" "Mozilla/5.0 (Windows NT 10.0; Win64; x64) AppleWebKit/537.36 (KHTML, like Gecko) Chrome/84.0.4147.105 Safari/537.36"
0:0:0:0:0:0:0:1 - - [03/Feb/2021:15:52:47 +0800] "GET /webjars/springfox-swagger-ui/css/reset.css HTTP/1.1" 304 - "http://localhost:8080/swagger-ui.html" "Mozilla/5.0 (Windows NT 10.0; Win64; x64) AppleWebKit/537.36 (KHTML, like Gecko) Chrome/84.0.4147.105 Safari/537.36"
0:0:0:0:0:0:0:1 - - [03/Feb/2021:15:52:47 +0800] "GET /webjars/springfox-swagger-ui/lib/object-assign-pollyfill.js HTTP/1.1" 304 - "http://localhost:8080/swagger-ui.html" "Mozilla/5.0 (Windows NT 10.0; Win64; x64) AppleWebKit/537.36 (KHTML, like Gecko) Chrome/84.0.4147.105 Safari/537.36"
0:0:0:0:0:0:0:1 - - [03/Feb/2021:15:52:47 +0800] "GET /webjars/springfox-swagger-ui/lib/handlebars-4.0.5.js HTTP/1.1" 304 - "http://localhost:8080/swagger-ui.html" "Mozilla/5.0 (Windows NT 10.0; Win64; x64) AppleWebKit/537.36 (KHTML, like Gecko) Chrome/84.0.4147.105 Safari/537.36"
0:0:0:0:0:0:0:1 - - [03/Feb/2021:15:52:47 +0800] "GET /webjars/springfox-swagger-ui/lib/jquery-1.8.0.min.js HTTP/1.1" 304 - "http://localhost:8080/swagger-ui.html" "Mozilla/5.0 (Windows NT 10.0; Win64; x64) AppleWebKit/537.36 (KHTML, like Gecko) Chrome/84.0.4147.105 Safari/537.36"
0:0:0:0:0:0:0:1 - - [03/Feb/2021:15:52:47 +0800] "GET /webjars/springfox-swagger-ui/lib/jquery.wiggle.min.js HTTP/1.1" 304 - "http://localhost:8080/swagger-ui.html" "Mozilla/5.0 (Windows NT 10.0; Win64; x64) AppleWebKit/537.36 (KHTML, like Gecko) Chrome/84.0.4147.105 Safari/537.36"
0:0:0:0:0:0:0:1 - - [03/Feb/2021:15:52:47 +0800] "GET /webjars/springfox-swagger-ui/lib/jquery.slideto.min.js HTTP/1.1" 304 - "http://localhost:8080/swagger-ui.html" "Mozilla/5.0 (Windows NT 10.0; Win64; x64) AppleWebKit/537.36 (KHTML, like Gecko) Chrome/84.0.4147.105 Safari/537.36"
0:0:0:0:0:0:0:1 - - [03/Feb/2021:15:52:47 +0800] "GET /webjars/springfox-swagger-ui/lib/lodash.min.js HTTP/1.1" 304 - "http://localhost:8080/swagger-ui.html" "Mozilla/5.0 (Windows NT 10.0; Win64; x64) AppleWebKit/537.36 (KHTML, like Gecko) Chrome/84.0.4147.105 Safari/537.36"
0:0:0:0:0:0:0:1 - - [03/Feb/2021:15:52:47 +0800] "GET /webjars/springfox-swagger-ui/lib/jquery.ba-bbq.min.js HTTP/1.1" 304 - "http://localhost:8080/swagger-ui.html" "Mozilla/5.0 (Windows NT 10.0; Win64; x64) AppleWebKit/537.36 (KHTML, like Gecko) Chrome/84.0.4147.105 Safari/537.36"
0:0:0:0:0:0:0:1 - - [03/Feb/2021:15:52:47 +0800] "GET /webjars/springfox-swagger-ui/lib/highlight.9.1.0.pack.js HTTP/1.1" 304 - "http://localhost:8080/swagger-ui.html" "Mozilla/5.0 (Windows NT 10.0; Win64; x64) AppleWebKit/537.36 (KHTML, like Gecko) Chrome/84.0.4147.105 Safari/537.36"
0:0:0:0:0:0:0:1 - - [03/Feb/2021:15:52:47 +0800] "GET /webjars/springfox-swagger-ui/lib/backbone-min.js HTTP/1.1" 304 - "http://localhost:8080/swagger-ui.html" "Mozilla/5.0 (Windows NT 10.0; Win64; x64) AppleWebKit/537.36 (KHTML, like Gecko) Chrome/84.0.4147.105 Safari/537.36"
0:0:0:0:0:0:0:1 - - [03/Feb/2021:15:52:47 +0800] "GET /webjars/springfox-swagger-ui/swagger-ui.min.js HTTP/1.1" 304 - "http://localhost:8080/swagger-ui.html" "Mozilla/5.0 (Windows NT 10.0; Win64; x64) AppleWebKit/537.36 (KHTML, like Gecko) Chrome/84.0.4147.105 Safari/537.36"
0:0:0:0:0:0:0:1 - - [03/Feb/2021:15:52:47 +0800] "GET /webjars/springfox-swagger-ui/lib/highlight.9.1.0.pack_extended.js HTTP/1.1" 304 - "http://localhost:8080/swagger-ui.html" "Mozilla/5.0 (Windows NT 10.0; Win64; x64) AppleWebKit/537.36 (KHTML, like Gecko) Chrome/84.0.4147.105 Safari/537.36"
0:0:0:0:0:0:0:1 - - [03/Feb/2021:15:52:47 +0800] "GET /webjars/springfox-swagger-ui/lib/jsoneditor.min.js HTTP/1.1" 304 - "http://localhost:8080/swagger-ui.html" "Mozilla/5.0 (Windows NT 10.0; Win64; x64) AppleWebKit/537.36 (KHTML, like Gecko) Chrome/84.0.4147.105 Safari/537.36"
0:0:0:0:0:0:0:1 - - [03/Feb/2021:15:52:47 +0800] "GET /webjars/springfox-swagger-ui/lib/marked.js HTTP/1.1" 304 - "http://localhost:8080/swagger-ui.html" "Mozilla/5.0 (Windows NT 10.0; Win64; x64) AppleWebKit/537.36 (KHTML, like Gecko) Chrome/84.0.4147.105 Safari/537.36"
0:0:0:0:0:0:0:1 - - [03/Feb/2021:15:52:47 +0800] "GET /webjars/springfox-swagger-ui/lib/swagger-oauth.js HTTP/1.1" 304 - "http://localhost:8080/swagger-ui.html" "Mozilla/5.0 (Windows NT 10.0; Win64; x64) AppleWebKit/537.36 (KHTML, like Gecko) Chrome/84.0.4147.105 Safari/537.36"
0:0:0:0:0:0:0:1 - - [03/Feb/2021:15:52:47 +0800] "GET /webjars/springfox-swagger-ui/springfox.js HTTP/1.1" 304 - "http://localhost:8080/swagger-ui.html" "Mozilla/5.0 (Windows NT 10.0; Win64; x64) AppleWebKit/537.36 (KHTML, like Gecko) Chrome/84.0.4147.105 Safari/537.36"
0:0:0:0:0:0:0:1 - - [03/Feb/2021:15:52:47 +0800] "GET /webjars/springfox-swagger-ui/images/logo_small.png HTTP/1.1" 304 - "http://localhost:8080/swagger-ui.html" "Mozilla/5.0 (Windows NT 10.0; Win64; x64) AppleWebKit/537.36 (KHTML, like Gecko) Chrome/84.0.4147.105 Safari/537.36"
0:0:0:0:0:0:0:1 - - [03/Feb/2021:15:52:48 +0800] "GET /swagger-resources/configuration/ui HTTP/1.1" 200 196 "http://localhost:8080/swagger-ui.html" "Mozilla/5.0 (Windows NT 10.0; Win64; x64) AppleWebKit/537.36 (KHTML, like Gecko) Chrome/84.0.4147.105 Safari/537.36"
0:0:0:0:0:0:0:1 - - [03/Feb/2021:15:52:48 +0800] "GET /swagger-resources HTTP/1.1" 200 80 "http://localhost:8080/swagger-ui.html" "Mozilla/5.0 (Windows NT 10.0; Win64; x64) AppleWebKit/537.36 (KHTML, like Gecko) Chrome/84.0.4147.105 Safari/537.36"
0:0:0:0:0:0:0:1 - - [03/Feb/2021:15:52:48 +0800] "GET /webjars/springfox-swagger-ui/images/favicon-32x32.png HTTP/1.1" 200 1141 "http://localhost:8080/swagger-ui.html" "Mozilla/5.0 (Windows NT 10.0; Win64; x64) AppleWebKit/537.36 (KHTML, like Gecko) Chrome/84.0.4147.105 Safari/537.36"
0:0:0:0:0:0:0:1 - - [03/Feb/2021:15:52:48 +0800] "GET /v2/api-docs HTTP/1.1" 200 6696 "http://localhost:8080/swagger-ui.html" "Mozilla/5.0 (Windows NT 10.0; Win64; x64) AppleWebKit/537.36 (KHTML, like Gecko) Chrome/84.0.4147.105 Safari/537.36"
0:0:0:0:0:0:0:1 - - [03/Feb/2021:15:52:48 +0800] "GET /swagger-resources/configuration/security HTTP/1.1" 200 81 "http://localhost:8080/swagger-ui.html" "Mozilla/5.0 (Windows NT 10.0; Win64; x64) AppleWebKit/537.36 (KHTML, like Gecko) Chrome/84.0.4147.105 Safari/537.36"
0:0:0:0:0:0:0:1 - - [03/Feb/2021:15:54:18 +0800] "GET /swagger-ui.html HTTP/1.1" 304 - "-" "Mozilla/5.0 (Windows NT 10.0; Win64; x64) AppleWebKit/537.36 (KHTML, like Gecko) Chrome/84.0.4147.105 Safari/537.36"
0:0:0:0:0:0:0:1 - - [03/Feb/2021:15:54:18 +0800] "GET /webjars/springfox-swagger-ui/css/typography.css HTTP/1.1" 404 170 "http://localhost:8080/swagger-ui.html" "Mozilla/5.0 (Windows NT 10.0; Win64; x64) AppleWebKit/537.36 (KHTML, like Gecko) Chrome/84.0.4147.105 Safari/537.36"
0:0:0:0:0:0:0:1 - - [03/Feb/2021:15:54:18 +0800] "GET /swagger-resources/configuration/ui HTTP/1.1" 200 196 "http://localhost:8080/swagger-ui.html" "Mozilla/5.0 (Windows NT 10.0; Win64; x64) AppleWebKit/537.36 (KHTML, like Gecko) Chrome/84.0.4147.105 Safari/537.36"
0:0:0:0:0:0:0:1 - - [03/Feb/2021:15:54:18 +0800] "GET /swagger-resources HTTP/1.1" 200 80 "http://localhost:8080/swagger-ui.html" "Mozilla/5.0 (Windows NT 10.0; Win64; x64) AppleWebKit/537.36 (KHTML, like Gecko) Chrome/84.0.4147.105 Safari/537.36"
0:0:0:0:0:0:0:1 - - [03/Feb/2021:15:54:18 +0800] "GET /webjars/springfox-swagger-ui/images/favicon-32x32.png HTTP/1.1" 200 1141 "http://localhost:8080/swagger-ui.html" "Mozilla/5.0 (Windows NT 10.0; Win64; x64) AppleWebKit/537.36 (KHTML, like Gecko) Chrome/84.0.4147.105 Safari/537.36"
0:0:0:0:0:0:0:1 - - [03/Feb/2021:15:54:18 +0800] "GET /v2/api-docs HTTP/1.1" 200 6696 "http://localhost:8080/swagger-ui.html" "Mozilla/5.0 (Windows NT 10.0; Win64; x64) AppleWebKit/537.36 (KHTML, like Gecko) Chrome/84.0.4147.105 Safari/537.36"
0:0:0:0:0:0:0:1 - - [03/Feb/2021:15:54:18 +0800] "GET /swagger-resources/configuration/security HTTP/1.1" 200 81 "http://localhost:8080/swagger-ui.html" "Mozilla/5.0 (Windows NT 10.0; Win64; x64) AppleWebKit/537.36 (KHTML, like Gecko) Chrome/84.0.4147.105 Safari/537.36"
127.0.0.1 - - [03/Feb/2021:15:54:25 +0800] "POST /param HTTP/1.1" 400 5382 "-" "Mozilla/5.0 (compatible; Baiduspider/2.0; +http://www.baidu.com/search/spider.html)"
127.0.0.1 - - [03/Feb/2021:15:54:53 +0800] "POST /param HTTP/1.1" 400 5382 "-" "Mozilla/5.0 (compatible; Baiduspider/2.0; +http://www.baidu.com/search/spider.html)"
0:0:0:0:0:0:0:1 - - [03/Feb/2021:15:56:00 +0800] "GET /swagger-ui.html HTTP/1.1" 304 - "-" "Mozilla/5.0 (Windows NT 10.0; Win64; x64) AppleWebKit/537.36 (KHTML, like Gecko) Chrome/84.0.4147.105 Safari/537.36"
0:0:0:0:0:0:0:1 - - [03/Feb/2021:15:56:00 +0800] "GET /webjars/springfox-swagger-ui/css/typography.css HTTP/1.1" 404 170 "http://localhost:8080/swagger-ui.html" "Mozilla/5.0 (Windows NT 10.0; Win64; x64) AppleWebKit/537.36 (KHTML, like Gecko) Chrome/84.0.4147.105 Safari/537.36"
0:0:0:0:0:0:0:1 - - [03/Feb/2021:15:56:00 +0800] "GET /webjars/springfox-swagger-ui/css/reset.css HTTP/1.1" 304 - "http://localhost:8080/swagger-ui.html" "Mozilla/5.0 (Windows NT 10.0; Win64; x64) AppleWebKit/537.36 (KHTML, like Gecko) Chrome/84.0.4147.105 Safari/537.36"
0:0:0:0:0:0:0:1 - - [03/Feb/2021:15:56:00 +0800] "GET /webjars/springfox-swagger-ui/lib/object-assign-pollyfill.js HTTP/1.1" 304 - "http://localhost:8080/swagger-ui.html" "Mozilla/5.0 (Windows NT 10.0; Win64; x64) AppleWebKit/537.36 (KHTML, like Gecko) Chrome/84.0.4147.105 Safari/537.36"
0:0:0:0:0:0:0:1 - - [03/Feb/2021:15:56:00 +0800] "GET /webjars/springfox-swagger-ui/lib/jquery.slideto.min.js HTTP/1.1" 304 - "http://localhost:8080/swagger-ui.html" "Mozilla/5.0 (Windows NT 10.0; Win64; x64) AppleWebKit/537.36 (KHTML, like Gecko) Chrome/84.0.4147.105 Safari/537.36"
0:0:0:0:0:0:0:1 - - [03/Feb/2021:15:56:00 +0800] "GET /webjars/springfox-swagger-ui/lib/jquery-1.8.0.min.js HTTP/1.1" 304 - "http://localhost:8080/swagger-ui.html" "Mozilla/5.0 (Windows NT 10.0; Win64; x64) AppleWebKit/537.36 (KHTML, like Gecko) Chrome/84.0.4147.105 Safari/537.36"
0:0:0:0:0:0:0:1 - - [03/Feb/2021:15:56:00 +0800] "GET /webjars/springfox-swagger-ui/lib/jquery.wiggle.min.js HTTP/1.1" 304 - "http://localhost:8080/swagger-ui.html" "Mozilla/5.0 (Windows NT 10.0; Win64; x64) AppleWebKit/537.36 (KHTML, like Gecko) Chrome/84.0.4147.105 Safari/537.36"
0:0:0:0:0:0:0:1 - - [03/Feb/2021:15:56:00 +0800] "GET /webjars/springfox-swagger-ui/lib/handlebars-4.0.5.js HTTP/1.1" 304 - "http://localhost:8080/swagger-ui.html" "Mozilla/5.0 (Windows NT 10.0; Win64; x64) AppleWebKit/537.36 (KHTML, like Gecko) Chrome/84.0.4147.105 Safari/537.36"
0:0:0:0:0:0:0:1 - - [03/Feb/2021:15:56:00 +0800] "GET /webjars/springfox-swagger-ui/lib/jquery.ba-bbq.min.js HTTP/1.1" 304 - "http://localhost:8080/swagger-ui.html" "Mozilla/5.0 (Windows NT 10.0; Win64; x64) AppleWebKit/537.36 (KHTML, like Gecko) Chrome/84.0.4147.105 Safari/537.36"
0:0:0:0:0:0:0:1 - - [03/Feb/2021:15:56:00 +0800] "GET /webjars/springfox-swagger-ui/lib/lodash.min.js HTTP/1.1" 304 - "http://localhost:8080/swagger-ui.html" "Mozilla/5.0 (Windows NT 10.0; Win64; x64) AppleWebKit/537.36 (KHTML, like Gecko) Chrome/84.0.4147.105 Safari/537.36"
0:0:0:0:0:0:0:1 - - [03/Feb/2021:15:56:00 +0800] "GET /webjars/springfox-swagger-ui/swagger-ui.min.js HTTP/1.1" 304 - "http://localhost:8080/swagger-ui.html" "Mozilla/5.0 (Windows NT 10.0; Win64; x64) AppleWebKit/537.36 (KHTML, like Gecko) Chrome/84.0.4147.105 Safari/537.36"
0:0:0:0:0:0:0:1 - - [03/Feb/2021:15:56:00 +0800] "GET /webjars/springfox-swagger-ui/lib/backbone-min.js HTTP/1.1" 304 - "http://localhost:8080/swagger-ui.html" "Mozilla/5.0 (Windows NT 10.0; Win64; x64) AppleWebKit/537.36 (KHTML, like Gecko) Chrome/84.0.4147.105 Safari/537.36"
0:0:0:0:0:0:0:1 - - [03/Feb/2021:15:56:00 +0800] "GET /webjars/springfox-swagger-ui/lib/highlight.9.1.0.pack.js HTTP/1.1" 304 - "http://localhost:8080/swagger-ui.html" "Mozilla/5.0 (Windows NT 10.0; Win64; x64) AppleWebKit/537.36 (KHTML, like Gecko) Chrome/84.0.4147.105 Safari/537.36"
0:0:0:0:0:0:0:1 - - [03/Feb/2021:15:56:00 +0800] "GET /webjars/springfox-swagger-ui/lib/jsoneditor.min.js HTTP/1.1" 304 - "http://localhost:8080/swagger-ui.html" "Mozilla/5.0 (Windows NT 10.0; Win64; x64) AppleWebKit/537.36 (KHTML, like Gecko) Chrome/84.0.4147.105 Safari/537.36"
0:0:0:0:0:0:0:1 - - [03/Feb/2021:15:56:00 +0800] "GET /webjars/springfox-swagger-ui/lib/marked.js HTTP/1.1" 304 - "http://localhost:8080/swagger-ui.html" "Mozilla/5.0 (Windows NT 10.0; Win64; x64) AppleWebKit/537.36 (KHTML, like Gecko) Chrome/84.0.4147.105 Safari/537.36"
0:0:0:0:0:0:0:1 - - [03/Feb/2021:15:56:00 +0800] "GET /webjars/springfox-swagger-ui/lib/swagger-oauth.js HTTP/1.1" 304 - "http://localhost:8080/swagger-ui.html" "Mozilla/5.0 (Windows NT 10.0; Win64; x64) AppleWebKit/537.36 (KHTML, like Gecko) Chrome/84.0.4147.105 Safari/537.36"
0:0:0:0:0:0:0:1 - - [03/Feb/2021:15:56:00 +0800] "GET /webjars/springfox-swagger-ui/springfox.js HTTP/1.1" 304 - "http://localhost:8080/swagger-ui.html" "Mozilla/5.0 (Windows NT 10.0; Win64; x64) AppleWebKit/537.36 (KHTML, like Gecko) Chrome/84.0.4147.105 Safari/537.36"
0:0:0:0:0:0:0:1 - - [03/Feb/2021:15:56:00 +0800] "GET /webjars/springfox-swagger-ui/lib/highlight.9.1.0.pack_extended.js HTTP/1.1" 304 - "http://localhost:8080/swagger-ui.html" "Mozilla/5.0 (Windows NT 10.0; Win64; x64) AppleWebKit/537.36 (KHTML, like Gecko) Chrome/84.0.4147.105 Safari/537.36"
0:0:0:0:0:0:0:1 - - [03/Feb/2021:15:56:00 +0800] "GET /webjars/springfox-swagger-ui/images/logo_small.png HTTP/1.1" 304 - "http://localhost:8080/swagger-ui.html" "Mozilla/5.0 (Windows NT 10.0; Win64; x64) AppleWebKit/537.36 (KHTML, like Gecko) Chrome/84.0.4147.105 Safari/537.36"
0:0:0:0:0:0:0:1 - - [03/Feb/2021:15:56:00 +0800] "GET /swagger-resources/configuration/ui HTTP/1.1" 200 196 "http://localhost:8080/swagger-ui.html" "Mozilla/5.0 (Windows NT 10.0; Win64; x64) AppleWebKit/537.36 (KHTML, like Gecko) Chrome/84.0.4147.105 Safari/537.36"
0:0:0:0:0:0:0:1 - - [03/Feb/2021:15:56:00 +0800] "GET /swagger-resources HTTP/1.1" 200 80 "http://localhost:8080/swagger-ui.html" "Mozilla/5.0 (Windows NT 10.0; Win64; x64) AppleWebKit/537.36 (KHTML, like Gecko) Chrome/84.0.4147.105 Safari/537.36"
0:0:0:0:0:0:0:1 - - [03/Feb/2021:15:56:00 +0800] "GET /webjars/springfox-swagger-ui/images/favicon-32x32.png HTTP/1.1" 200 1141 "http://localhost:8080/swagger-ui.html" "Mozilla/5.0 (Windows NT 10.0; Win64; x64) AppleWebKit/537.36 (KHTML, like Gecko) Chrome/84.0.4147.105 Safari/537.36"
0:0:0:0:0:0:0:1 - - [03/Feb/2021:15:56:00 +0800] "GET /v2/api-docs HTTP/1.1" 200 6696 "http://localhost:8080/swagger-ui.html" "Mozilla/5.0 (Windows NT 10.0; Win64; x64) AppleWebKit/537.36 (KHTML, like Gecko) Chrome/84.0.4147.105 Safari/537.36"
0:0:0:0:0:0:0:1 - - [03/Feb/2021:15:56:00 +0800] "GET /swagger-resources/configuration/security HTTP/1.1" 200 81 "http://localhost:8080/swagger-ui.html" "Mozilla/5.0 (Windows NT 10.0; Win64; x64) AppleWebKit/537.36 (KHTML, like Gecko) Chrome/84.0.4147.105 Safari/537.36"
127.0.0.1 - - [03/Feb/2021:15:56:44 +0800] "POST /param HTTP/1.1" 400 5382 "-" "Mozilla/5.0 (compatible; Baiduspider/2.0; +http://www.baidu.com/search/spider.html)"
0:0:0:0:0:0:0:1 - - [03/Feb/2021:15:58:16 +0800] "POST /param?id1=1&id=2 HTTP/1.1" 400 5645 "http://localhost:8080/swagger-ui.html" "Mozilla/5.0 (Windows NT 10.0; Win64; x64) AppleWebKit/537.36 (KHTML, like Gecko) Chrome/84.0.4147.105 Safari/537.36"
127.0.0.1 - - [03/Feb/2021:15:58:25 +0800] "POST /param HTTP/1.1" 400 7803 "-" "Mozilla/5.0 (compatible; Baiduspider/2.0; +http://www.baidu.com/search/spider.html)"
